26-Dec-2022 16:35:25.623 INFO [main] org.apache.catalina.startup.VersionLoggerListener.log Server version name:   Apache Tomcat/9.0.70
26-Dec-2022 16:35:25.625 INFO [main] org.apache.catalina.startup.VersionLoggerListener.log Server built:          Dec 1 2022 14:05:47 UTC
26-Dec-2022 16:35:25.625 INFO [main] org.apache.catalina.startup.VersionLoggerListener.log Server version number: 9.0.70.0
26-Dec-2022 16:35:25.625 INFO [main] org.apache.catalina.startup.VersionLoggerListener.log OS Name:               Linux
26-Dec-2022 16:35:25.625 INFO [main] org.apache.catalina.startup.VersionLoggerListener.log OS Version:            5.10.157-139.675.amzn2.x86_64
26-Dec-2022 16:35:25.625 INFO [main] org.apache.catalina.startup.VersionLoggerListener.log Architecture:          amd64
26-Dec-2022 16:35:25.625 INFO [main] org.apache.catalina.startup.VersionLoggerListener.log Java Home:             /usr/lib/jvm/java-1.8.0-openjdk-1.8.0.342.b07-1.amzn2.0.1.x86_64/jre
26-Dec-2022 16:35:25.625 INFO [main] org.apache.catalina.startup.VersionLoggerListener.log JVM Version:           1.8.0_342-b07
26-Dec-2022 16:35:25.625 INFO [main] org.apache.catalina.startup.VersionLoggerListener.log JVM Vendor:            Red Hat, Inc.
26-Dec-2022 16:35:25.625 INFO [main] org.apache.catalina.startup.VersionLoggerListener.log CATALINA_BASE:         /mnt/servers/apache-tomcat-9.0.70
26-Dec-2022 16:35:25.626 INFO [main] org.apache.catalina.startup.VersionLoggerListener.log CATALINA_HOME:         /mnt/servers/apache-tomcat-9.0.70
26-Dec-2022 16:35:25.629 INFO [main] org.apache.catalina.startup.VersionLoggerListener.log Command line argument: -Djava.util.logging.config.file=/mnt/servers/apache-tomcat-9.0.70/conf/logging.properties
26-Dec-2022 16:35:25.631 INFO [main] org.apache.catalina.startup.VersionLoggerListener.log Command line argument: -Djava.util.logging.manager=org.apache.juli.ClassLoaderLogManager
26-Dec-2022 16:35:25.631 INFO [main] org.apache.catalina.startup.VersionLoggerListener.log Command line argument: -Djdk.tls.ephemeralDHKeySize=2048
26-Dec-2022 16:35:25.631 INFO [main] org.apache.catalina.startup.VersionLoggerListener.log Command line argument: -Djava.protocol.handler.pkgs=org.apache.catalina.webresources
26-Dec-2022 16:35:25.631 INFO [main] org.apache.catalina.startup.VersionLoggerListener.log Command line argument: -Dorg.apache.catalina.security.SecurityListener.UMASK=0027
26-Dec-2022 16:35:25.631 INFO [main] org.apache.catalina.startup.VersionLoggerListener.log Command line argument: -Dignore.endorsed.dirs=
26-Dec-2022 16:35:25.631 INFO [main] org.apache.catalina.startup.VersionLoggerListener.log Command line argument: -Dcatalina.base=/mnt/servers/apache-tomcat-9.0.70
26-Dec-2022 16:35:25.631 INFO [main] org.apache.catalina.startup.VersionLoggerListener.log Command line argument: -Dcatalina.home=/mnt/servers/apache-tomcat-9.0.70
26-Dec-2022 16:35:25.633 INFO [main] org.apache.catalina.startup.VersionLoggerListener.log Command line argument: -Djava.io.tmpdir=/mnt/servers/apache-tomcat-9.0.70/temp
26-Dec-2022 16:35:25.639 INFO [main] org.apache.catalina.core.AprLifecycleListener.lifecycleEvent The Apache Tomcat Native library which allows using OpenSSL was not found on the java.library.path: [/usr/java/packages/lib/amd64:/usr/lib64:/lib64:/lib:/usr/lib]
26-Dec-2022 16:35:26.376 INFO [main] org.apache.coyote.AbstractProtocol.init Initializing ProtocolHandler ["http-nio-8080"]
26-Dec-2022 16:35:26.424 INFO [main] org.apache.catalina.startup.Catalina.load Server initialization in [1141] milliseconds
26-Dec-2022 16:35:26.500 INFO [main] org.apache.catalina.core.StandardService.startInternal Starting service [Catalina]
26-Dec-2022 16:35:26.503 INFO [main] org.apache.catalina.core.StandardEngine.startInternal Starting Servlet engine: [Apache Tomcat/9.0.70]
26-Dec-2022 16:35:26.533 INFO [main] org.apache.catalina.startup.HostConfig.deployWAR Deploying web application archive [/mnt/servers/apache-tomcat-9.0.70/webapps/LoginWebApp.war]
26-Dec-2022 16:35:27.679 INFO [main] org.apache.jasper.servlet.TldScanner.scanJars At least one JAR was scanned for TLDs yet contained no TLDs. Enable debug logging for this logger for a complete list of JARs that were scanned but no TLDs were found in them. Skipping unneeded JARs during scanning can improve startup time and JSP compilation time.
26-Dec-2022 16:35:27.775 INFO [main] org.apache.catalina.startup.HostConfig.deployWAR Deployment of web application archive [/mnt/servers/apache-tomcat-9.0.70/webapps/LoginWebApp.war] has finished in [1,240] ms
26-Dec-2022 16:35:27.780 INFO [main] org.apache.catalina.startup.HostConfig.deployDirectory Deploying web application directory [/mnt/servers/apache-tomcat-9.0.70/webapps/ROOT]
26-Dec-2022 16:35:27.809 INFO [main] org.apache.catalina.startup.HostConfig.deployDirectory Deployment of web application directory [/mnt/servers/apache-tomcat-9.0.70/webapps/ROOT] has finished in [29] ms
26-Dec-2022 16:35:27.810 INFO [main] org.apache.catalina.startup.HostConfig.deployDirectory Deploying web application directory [/mnt/servers/apache-tomcat-9.0.70/webapps/docs]
26-Dec-2022 16:35:27.841 INFO [main] org.apache.catalina.startup.HostConfig.deployDirectory Deployment of web application directory [/mnt/servers/apache-tomcat-9.0.70/webapps/docs] has finished in [32] ms
26-Dec-2022 16:35:27.847 INFO [main] org.apache.catalina.startup.HostConfig.deployDirectory Deploying web application directory [/mnt/servers/apache-tomcat-9.0.70/webapps/examples]
26-Dec-2022 16:35:28.277 INFO [main] org.apache.catalina.startup.HostConfig.deployDirectory Deployment of web application directory [/mnt/servers/apache-tomcat-9.0.70/webapps/examples] has finished in [431] ms
26-Dec-2022 16:35:28.278 INFO [main] org.apache.catalina.startup.HostConfig.deployDirectory Deploying web application directory [/mnt/servers/apache-tomcat-9.0.70/webapps/host-manager]
26-Dec-2022 16:35:28.330 INFO [main] org.apache.catalina.startup.HostConfig.deployDirectory Deployment of web application directory [/mnt/servers/apache-tomcat-9.0.70/webapps/host-manager] has finished in [51] ms
26-Dec-2022 16:35:28.330 INFO [main] org.apache.catalina.startup.HostConfig.deployDirectory Deploying web application directory [/mnt/servers/apache-tomcat-9.0.70/webapps/manager]
26-Dec-2022 16:35:28.380 INFO [main] org.apache.catalina.startup.HostConfig.deployDirectory Deployment of web application directory [/mnt/servers/apache-tomcat-9.0.70/webapps/manager] has finished in [50] ms
26-Dec-2022 16:35:28.388 INFO [main] org.apache.coyote.AbstractProtocol.start Starting ProtocolHandler ["http-nio-8080"]
26-Dec-2022 16:35:28.441 INFO [main] org.apache.catalina.startup.Catalina.start Server startup in [2012] milliseconds
26-Dec-2022 16:39:10.536 INFO [main] org.apache.catalina.core.StandardServer.await A valid shutdown command was received via the shutdown port. Stopping the Server instance.
26-Dec-2022 16:39:10.537 INFO [main] org.apache.coyote.AbstractProtocol.pause Pausing ProtocolHandler ["http-nio-8080"]
26-Dec-2022 16:39:10.542 INFO [main] org.apache.catalina.core.StandardService.stopInternal Stopping service [Catalina]
26-Dec-2022 16:39:10.603 INFO [main] org.apache.coyote.AbstractProtocol.stop Stopping ProtocolHandler ["http-nio-8080"]
26-Dec-2022 16:39:10.614 INFO [main] org.apache.coyote.AbstractProtocol.destroy Destroying ProtocolHandler ["http-nio-8080"]
26-Dec-2022 16:57:13.462 INFO [main] org.apache.catalina.startup.VersionLoggerListener.log Server version name:   Apache Tomcat/9.0.70
26-Dec-2022 16:57:13.465 INFO [main] org.apache.catalina.startup.VersionLoggerListener.log Server built:          Dec 1 2022 14:05:47 UTC
26-Dec-2022 16:57:13.465 INFO [main] org.apache.catalina.startup.VersionLoggerListener.log Server version number: 9.0.70.0
26-Dec-2022 16:57:13.465 INFO [main] org.apache.catalina.startup.VersionLoggerListener.log OS Name:               Linux
26-Dec-2022 16:57:13.465 INFO [main] org.apache.catalina.startup.VersionLoggerListener.log OS Version:            5.10.157-139.675.amzn2.x86_64
26-Dec-2022 16:57:13.466 INFO [main] org.apache.catalina.startup.VersionLoggerListener.log Architecture:          amd64
26-Dec-2022 16:57:13.466 INFO [main] org.apache.catalina.startup.VersionLoggerListener.log Java Home:             /usr/lib/jvm/java-1.8.0-openjdk-1.8.0.342.b07-1.amzn2.0.1.x86_64/jre
26-Dec-2022 16:57:13.466 INFO [main] org.apache.catalina.startup.VersionLoggerListener.log JVM Version:           1.8.0_342-b07
26-Dec-2022 16:57:13.466 INFO [main] org.apache.catalina.startup.VersionLoggerListener.log JVM Vendor:            Red Hat, Inc.
26-Dec-2022 16:57:13.466 INFO [main] org.apache.catalina.startup.VersionLoggerListener.log CATALINA_BASE:         /mnt/servers/apache-tomcat-9.0.70
26-Dec-2022 16:57:13.466 INFO [main] org.apache.catalina.startup.VersionLoggerListener.log CATALINA_HOME:         /mnt/servers/apache-tomcat-9.0.70
26-Dec-2022 16:57:13.468 INFO [main] org.apache.catalina.startup.VersionLoggerListener.log Command line argument: -Djava.util.logging.config.file=/mnt/servers/apache-tomcat-9.0.70/conf/logging.properties
26-Dec-2022 16:57:13.470 INFO [main] org.apache.catalina.startup.VersionLoggerListener.log Command line argument: -Djava.util.logging.manager=org.apache.juli.ClassLoaderLogManager
26-Dec-2022 16:57:13.471 INFO [main] org.apache.catalina.startup.VersionLoggerListener.log Command line argument: -Djdk.tls.ephemeralDHKeySize=2048
26-Dec-2022 16:57:13.471 INFO [main] org.apache.catalina.startup.VersionLoggerListener.log Command line argument: -Djava.protocol.handler.pkgs=org.apache.catalina.webresources
26-Dec-2022 16:57:13.471 INFO [main] org.apache.catalina.startup.VersionLoggerListener.log Command line argument: -Dorg.apache.catalina.security.SecurityListener.UMASK=0027
26-Dec-2022 16:57:13.471 INFO [main] org.apache.catalina.startup.VersionLoggerListener.log Command line argument: -Dignore.endorsed.dirs=
26-Dec-2022 16:57:13.471 INFO [main] org.apache.catalina.startup.VersionLoggerListener.log Command line argument: -Dcatalina.base=/mnt/servers/apache-tomcat-9.0.70
26-Dec-2022 16:57:13.471 INFO [main] org.apache.catalina.startup.VersionLoggerListener.log Command line argument: -Dcatalina.home=/mnt/servers/apache-tomcat-9.0.70
26-Dec-2022 16:57:13.472 INFO [main] org.apache.catalina.startup.VersionLoggerListener.log Command line argument: -Djava.io.tmpdir=/mnt/servers/apache-tomcat-9.0.70/temp
26-Dec-2022 16:57:13.474 INFO [main] org.apache.catalina.core.AprLifecycleListener.lifecycleEvent The Apache Tomcat Native library which allows using OpenSSL was not found on the java.library.path: [/usr/java/packages/lib/amd64:/usr/lib64:/lib64:/lib:/usr/lib]
26-Dec-2022 16:57:14.151 INFO [main] org.apache.coyote.AbstractProtocol.init Initializing ProtocolHandler ["http-nio-8080"]
26-Dec-2022 16:57:14.206 INFO [main] org.apache.catalina.startup.Catalina.load Server initialization in [1112] milliseconds
26-Dec-2022 16:57:14.283 INFO [main] org.apache.catalina.core.StandardService.startInternal Starting service [Catalina]
26-Dec-2022 16:57:14.285 INFO [main] org.apache.catalina.core.StandardEngine.startInternal Starting Servlet engine: [Apache Tomcat/9.0.70]
26-Dec-2022 16:57:14.324 INFO [main] org.apache.catalina.startup.HostConfig.deployWAR Deploying web application archive [/mnt/servers/apache-tomcat-9.0.70/webapps/LoginWebApp.war]
26-Dec-2022 16:57:15.426 INFO [main] org.apache.jasper.servlet.TldScanner.scanJars At least one JAR was scanned for TLDs yet contained no TLDs. Enable debug logging for this logger for a complete list of JARs that were scanned but no TLDs were found in them. Skipping unneeded JARs during scanning can improve startup time and JSP compilation time.
26-Dec-2022 16:57:15.524 INFO [main] org.apache.catalina.startup.HostConfig.deployWAR Deployment of web application archive [/mnt/servers/apache-tomcat-9.0.70/webapps/LoginWebApp.war] has finished in [1,200] ms
26-Dec-2022 16:57:15.524 INFO [main] org.apache.catalina.startup.HostConfig.deployDirectory Deploying web application directory [/mnt/servers/apache-tomcat-9.0.70/webapps/ROOT]
26-Dec-2022 16:57:15.571 INFO [main] org.apache.catalina.startup.HostConfig.deployDirectory Deployment of web application directory [/mnt/servers/apache-tomcat-9.0.70/webapps/ROOT] has finished in [47] ms
26-Dec-2022 16:57:15.572 INFO [main] org.apache.catalina.startup.HostConfig.deployDirectory Deploying web application directory [/mnt/servers/apache-tomcat-9.0.70/webapps/docs]
26-Dec-2022 16:57:15.609 INFO [main] org.apache.catalina.startup.HostConfig.deployDirectory Deployment of web application directory [/mnt/servers/apache-tomcat-9.0.70/webapps/docs] has finished in [37] ms
26-Dec-2022 16:57:15.611 INFO [main] org.apache.catalina.startup.HostConfig.deployDirectory Deploying web application directory [/mnt/servers/apache-tomcat-9.0.70/webapps/examples]
26-Dec-2022 16:57:16.097 INFO [main] org.apache.catalina.startup.HostConfig.deployDirectory Deployment of web application directory [/mnt/servers/apache-tomcat-9.0.70/webapps/examples] has finished in [486] ms
26-Dec-2022 16:57:16.098 INFO [main] org.apache.catalina.startup.HostConfig.deployDirectory Deploying web application directory [/mnt/servers/apache-tomcat-9.0.70/webapps/host-manager]
26-Dec-2022 16:57:16.155 INFO [main] org.apache.catalina.startup.HostConfig.deployDirectory Deployment of web application directory [/mnt/servers/apache-tomcat-9.0.70/webapps/host-manager] has finished in [51] ms
26-Dec-2022 16:57:16.155 INFO [main] org.apache.catalina.startup.HostConfig.deployDirectory Deploying web application directory [/mnt/servers/apache-tomcat-9.0.70/webapps/manager]
26-Dec-2022 16:57:16.196 INFO [main] org.apache.catalina.startup.HostConfig.deployDirectory Deployment of web application directory [/mnt/servers/apache-tomcat-9.0.70/webapps/manager] has finished in [41] ms
26-Dec-2022 16:57:16.206 INFO [main] org.apache.coyote.AbstractProtocol.start Starting ProtocolHandler ["http-nio-8080"]
26-Dec-2022 16:57:16.249 INFO [main] org.apache.catalina.startup.Catalina.start Server startup in [2042] milliseconds
26-Dec-2022 17:00:30.449 INFO [main] org.apache.catalina.core.StandardServer.await A valid shutdown command was received via the shutdown port. Stopping the Server instance.
26-Dec-2022 17:00:30.449 INFO [main] org.apache.coyote.AbstractProtocol.pause Pausing ProtocolHandler ["http-nio-8080"]
26-Dec-2022 17:00:30.456 INFO [main] org.apache.catalina.core.StandardService.stopInternal Stopping service [Catalina]
26-Dec-2022 17:00:30.522 WARNING [main] org.apache.catalina.loader.WebappClassLoaderBase.clearReferencesJdbc The web application [LoginWebApp] registered the JDBC driver [com.mysql.cj.jdbc.Driver] but failed to unregister it when the web application was stopped. To prevent a memory leak, the JDBC Driver has been forcibly unregistered.
26-Dec-2022 17:00:30.523 WARNING [main] org.apache.catalina.loader.WebappClassLoaderBase.clearReferencesThreads The web application [LoginWebApp] appears to have started a thread named [mysql-cj-abandoned-connection-cleanup] but has failed to stop it. This is very likely to create a memory leak. Stack trace of thread:
 java.lang.Object.wait(Native Method)
 java.lang.ref.ReferenceQueue.remove(ReferenceQueue.java:144)
 com.mysql.cj.jdbc.AbandonedConnectionCleanupThread.run(AbandonedConnectionCleanupThread.java:85)
 java.util.concurrent.ThreadPoolExecutor.runWorker(ThreadPoolExecutor.java:1149)
 java.util.concurrent.ThreadPoolExecutor$Worker.run(ThreadPoolExecutor.java:624)
 java.lang.Thread.run(Thread.java:750)
26-Dec-2022 17:00:30.531 INFO [main] org.apache.coyote.AbstractProtocol.stop Stopping ProtocolHandler ["http-nio-8080"]
26-Dec-2022 17:00:30.543 INFO [main] org.apache.coyote.AbstractProtocol.destroy Destroying ProtocolHandler ["http-nio-8080"]
26-Dec-2022 17:12:00.691 INFO [main] org.apache.catalina.startup.VersionLoggerListener.log Server version name:   Apache Tomcat/9.0.70
26-Dec-2022 17:12:00.697 INFO [main] org.apache.catalina.startup.VersionLoggerListener.log Server built:          Dec 1 2022 14:05:47 UTC
26-Dec-2022 17:12:00.697 INFO [main] org.apache.catalina.startup.VersionLoggerListener.log Server version number: 9.0.70.0
26-Dec-2022 17:12:00.697 INFO [main] org.apache.catalina.startup.VersionLoggerListener.log OS Name:               Linux
26-Dec-2022 17:12:00.697 INFO [main] org.apache.catalina.startup.VersionLoggerListener.log OS Version:            5.10.157-139.675.amzn2.x86_64
26-Dec-2022 17:12:00.697 INFO [main] org.apache.catalina.startup.VersionLoggerListener.log Architecture:          amd64
26-Dec-2022 17:12:00.698 INFO [main] org.apache.catalina.startup.VersionLoggerListener.log Java Home:             /usr/lib/jvm/java-1.8.0-openjdk-1.8.0.342.b07-1.amzn2.0.1.x86_64/jre
26-Dec-2022 17:12:00.698 INFO [main] org.apache.catalina.startup.VersionLoggerListener.log JVM Version:           1.8.0_342-b07
26-Dec-2022 17:12:00.698 INFO [main] org.apache.catalina.startup.VersionLoggerListener.log JVM Vendor:            Red Hat, Inc.
26-Dec-2022 17:12:00.698 INFO [main] org.apache.catalina.startup.VersionLoggerListener.log CATALINA_BASE:         /mnt/servers/apache-tomcat-9.0.70
26-Dec-2022 17:12:00.698 INFO [main] org.apache.catalina.startup.VersionLoggerListener.log CATALINA_HOME:         /mnt/servers/apache-tomcat-9.0.70
26-Dec-2022 17:12:00.706 INFO [main] org.apache.catalina.startup.VersionLoggerListener.log Command line argument: -Djava.util.logging.config.file=/mnt/servers/apache-tomcat-9.0.70/conf/logging.properties
26-Dec-2022 17:12:00.706 INFO [main] org.apache.catalina.startup.VersionLoggerListener.log Command line argument: -Djava.util.logging.manager=org.apache.juli.ClassLoaderLogManager
26-Dec-2022 17:12:00.706 INFO [main] org.apache.catalina.startup.VersionLoggerListener.log Command line argument: -Djdk.tls.ephemeralDHKeySize=2048
26-Dec-2022 17:12:00.706 INFO [main] org.apache.catalina.startup.VersionLoggerListener.log Command line argument: -Djava.protocol.handler.pkgs=org.apache.catalina.webresources
26-Dec-2022 17:12:00.707 INFO [main] org.apache.catalina.startup.VersionLoggerListener.log Command line argument: -Dorg.apache.catalina.security.SecurityListener.UMASK=0027
26-Dec-2022 17:12:00.707 INFO [main] org.apache.catalina.startup.VersionLoggerListener.log Command line argument: -Dignore.endorsed.dirs=
26-Dec-2022 17:12:00.707 INFO [main] org.apache.catalina.startup.VersionLoggerListener.log Command line argument: -Dcatalina.base=/mnt/servers/apache-tomcat-9.0.70
26-Dec-2022 17:12:00.707 INFO [main] org.apache.catalina.startup.VersionLoggerListener.log Command line argument: -Dcatalina.home=/mnt/servers/apache-tomcat-9.0.70
26-Dec-2022 17:12:00.708 INFO [main] org.apache.catalina.startup.VersionLoggerListener.log Command line argument: -Djava.io.tmpdir=/mnt/servers/apache-tomcat-9.0.70/temp
26-Dec-2022 17:12:00.710 INFO [main] org.apache.catalina.core.AprLifecycleListener.lifecycleEvent The Apache Tomcat Native library which allows using OpenSSL was not found on the java.library.path: [/usr/java/packages/lib/amd64:/usr/lib64:/lib64:/lib:/usr/lib]
26-Dec-2022 17:12:01.435 INFO [main] org.apache.coyote.AbstractProtocol.init Initializing ProtocolHandler ["http-nio-8080"]
26-Dec-2022 17:12:01.487 INFO [main] org.apache.catalina.startup.Catalina.load Server initialization in [1134] milliseconds
26-Dec-2022 17:12:01.563 INFO [main] org.apache.catalina.core.StandardService.startInternal Starting service [Catalina]
26-Dec-2022 17:12:01.566 INFO [main] org.apache.catalina.core.StandardEngine.startInternal Starting Servlet engine: [Apache Tomcat/9.0.70]
26-Dec-2022 17:12:01.603 INFO [main] org.apache.catalina.startup.HostConfig.deployWAR Deploying web application archive [/mnt/servers/apache-tomcat-9.0.70/webapps/LoginWebApp.war]
26-Dec-2022 17:12:02.703 INFO [main] org.apache.jasper.servlet.TldScanner.scanJars At least one JAR was scanned for TLDs yet contained no TLDs. Enable debug logging for this logger for a complete list of JARs that were scanned but no TLDs were found in them. Skipping unneeded JARs during scanning can improve startup time and JSP compilation time.
26-Dec-2022 17:12:02.813 INFO [main] org.apache.catalina.startup.HostConfig.deployWAR Deployment of web application archive [/mnt/servers/apache-tomcat-9.0.70/webapps/LoginWebApp.war] has finished in [1,209] ms
26-Dec-2022 17:12:02.819 INFO [main] org.apache.catalina.startup.HostConfig.deployDirectory Deploying web application directory [/mnt/servers/apache-tomcat-9.0.70/webapps/ROOT]
26-Dec-2022 17:12:02.856 INFO [main] org.apache.catalina.startup.HostConfig.deployDirectory Deployment of web application directory [/mnt/servers/apache-tomcat-9.0.70/webapps/ROOT] has finished in [37] ms
26-Dec-2022 17:12:02.857 INFO [main] org.apache.catalina.startup.HostConfig.deployDirectory Deploying web application directory [/mnt/servers/apache-tomcat-9.0.70/webapps/docs]
26-Dec-2022 17:12:02.892 INFO [main] org.apache.catalina.startup.HostConfig.deployDirectory Deployment of web application directory [/mnt/servers/apache-tomcat-9.0.70/webapps/docs] has finished in [36] ms
26-Dec-2022 17:12:02.895 INFO [main] org.apache.catalina.startup.HostConfig.deployDirectory Deploying web application directory [/mnt/servers/apache-tomcat-9.0.70/webapps/examples]
26-Dec-2022 17:12:03.289 INFO [main] org.apache.catalina.startup.HostConfig.deployDirectory Deployment of web application directory [/mnt/servers/apache-tomcat-9.0.70/webapps/examples] has finished in [393] ms
26-Dec-2022 17:12:03.289 INFO [main] org.apache.catalina.startup.HostConfig.deployDirectory Deploying web application directory [/mnt/servers/apache-tomcat-9.0.70/webapps/host-manager]
26-Dec-2022 17:12:03.339 INFO [main] org.apache.catalina.startup.HostConfig.deployDirectory Deployment of web application directory [/mnt/servers/apache-tomcat-9.0.70/webapps/host-manager] has finished in [49] ms
26-Dec-2022 17:12:03.339 INFO [main] org.apache.catalina.startup.HostConfig.deployDirectory Deploying web application directory [/mnt/servers/apache-tomcat-9.0.70/webapps/manager]
26-Dec-2022 17:12:03.389 INFO [main] org.apache.catalina.startup.HostConfig.deployDirectory Deployment of web application directory [/mnt/servers/apache-tomcat-9.0.70/webapps/manager] has finished in [50] ms
26-Dec-2022 17:12:03.397 INFO [main] org.apache.coyote.AbstractProtocol.start Starting ProtocolHandler ["http-nio-8080"]
26-Dec-2022 17:12:03.433 INFO [main] org.apache.catalina.startup.Catalina.start Server startup in [1938] milliseconds
26-Dec-2022 17:22:24.817 INFO [main] org.apache.catalina.core.StandardServer.await A valid shutdown command was received via the shutdown port. Stopping the Server instance.
26-Dec-2022 17:22:24.818 INFO [main] org.apache.coyote.AbstractProtocol.pause Pausing ProtocolHandler ["http-nio-8080"]
26-Dec-2022 17:22:24.823 INFO [main] org.apache.catalina.core.StandardService.stopInternal Stopping service [Catalina]
26-Dec-2022 17:22:24.885 INFO [main] org.apache.coyote.AbstractProtocol.stop Stopping ProtocolHandler ["http-nio-8080"]
26-Dec-2022 17:22:24.897 INFO [main] org.apache.coyote.AbstractProtocol.destroy Destroying ProtocolHandler ["http-nio-8080"]
26-Dec-2022 17:25:39.942 INFO [main] org.apache.catalina.startup.VersionLoggerListener.log Server version name:   Apache Tomcat/9.0.70
26-Dec-2022 17:25:39.944 INFO [main] org.apache.catalina.startup.VersionLoggerListener.log Server built:          Dec 1 2022 14:05:47 UTC
26-Dec-2022 17:25:39.945 INFO [main] org.apache.catalina.startup.VersionLoggerListener.log Server version number: 9.0.70.0
26-Dec-2022 17:25:39.945 INFO [main] org.apache.catalina.startup.VersionLoggerListener.log OS Name:               Linux
26-Dec-2022 17:25:39.945 INFO [main] org.apache.catalina.startup.VersionLoggerListener.log OS Version:            5.10.157-139.675.amzn2.x86_64
26-Dec-2022 17:25:39.945 INFO [main] org.apache.catalina.startup.VersionLoggerListener.log Architecture:          amd64
26-Dec-2022 17:25:39.945 INFO [main] org.apache.catalina.startup.VersionLoggerListener.log Java Home:             /usr/lib/jvm/java-1.8.0-openjdk-1.8.0.342.b07-1.amzn2.0.1.x86_64/jre
26-Dec-2022 17:25:39.945 INFO [main] org.apache.catalina.startup.VersionLoggerListener.log JVM Version:           1.8.0_342-b07
26-Dec-2022 17:25:39.945 INFO [main] org.apache.catalina.startup.VersionLoggerListener.log JVM Vendor:            Red Hat, Inc.
26-Dec-2022 17:25:39.945 INFO [main] org.apache.catalina.startup.VersionLoggerListener.log CATALINA_BASE:         /mnt/servers/apache-tomcat-9.0.70
26-Dec-2022 17:25:39.945 INFO [main] org.apache.catalina.startup.VersionLoggerListener.log CATALINA_HOME:         /mnt/servers/apache-tomcat-9.0.70
26-Dec-2022 17:25:39.947 INFO [main] org.apache.catalina.startup.VersionLoggerListener.log Command line argument: -Djava.util.logging.config.file=/mnt/servers/apache-tomcat-9.0.70/conf/logging.properties
26-Dec-2022 17:25:39.949 INFO [main] org.apache.catalina.startup.VersionLoggerListener.log Command line argument: -Djava.util.logging.manager=org.apache.juli.ClassLoaderLogManager
26-Dec-2022 17:25:39.950 INFO [main] org.apache.catalina.startup.VersionLoggerListener.log Command line argument: -Djdk.tls.ephemeralDHKeySize=2048
26-Dec-2022 17:25:39.950 INFO [main] org.apache.catalina.startup.VersionLoggerListener.log Command line argument: -Djava.protocol.handler.pkgs=org.apache.catalina.webresources
26-Dec-2022 17:25:39.950 INFO [main] org.apache.catalina.startup.VersionLoggerListener.log Command line argument: -Dorg.apache.catalina.security.SecurityListener.UMASK=0027
26-Dec-2022 17:25:39.950 INFO [main] org.apache.catalina.startup.VersionLoggerListener.log Command line argument: -Dignore.endorsed.dirs=
26-Dec-2022 17:25:39.950 INFO [main] org.apache.catalina.startup.VersionLoggerListener.log Command line argument: -Dcatalina.base=/mnt/servers/apache-tomcat-9.0.70
26-Dec-2022 17:25:39.950 INFO [main] org.apache.catalina.startup.VersionLoggerListener.log Command line argument: -Dcatalina.home=/mnt/servers/apache-tomcat-9.0.70
26-Dec-2022 17:25:39.950 INFO [main] org.apache.catalina.startup.VersionLoggerListener.log Command line argument: -Djava.io.tmpdir=/mnt/servers/apache-tomcat-9.0.70/temp
26-Dec-2022 17:25:39.952 INFO [main] org.apache.catalina.core.AprLifecycleListener.lifecycleEvent The Apache Tomcat Native library which allows using OpenSSL was not found on the java.library.path: [/usr/java/packages/lib/amd64:/usr/lib64:/lib64:/lib:/usr/lib]
26-Dec-2022 17:25:40.662 INFO [main] org.apache.coyote.AbstractProtocol.init Initializing ProtocolHandler ["http-nio-8080"]
26-Dec-2022 17:25:40.722 INFO [main] org.apache.catalina.startup.Catalina.load Server initialization in [1116] milliseconds
26-Dec-2022 17:25:40.796 INFO [main] org.apache.catalina.core.StandardService.startInternal Starting service [Catalina]
26-Dec-2022 17:25:40.799 INFO [main] org.apache.catalina.core.StandardEngine.startInternal Starting Servlet engine: [Apache Tomcat/9.0.70]
26-Dec-2022 17:25:40.837 INFO [main] org.apache.catalina.startup.HostConfig.deployWAR Deploying web application archive [/mnt/servers/apache-tomcat-9.0.70/webapps/LoginWebApp.war]
26-Dec-2022 17:25:42.017 INFO [main] org.apache.jasper.servlet.TldScanner.scanJars At least one JAR was scanned for TLDs yet contained no TLDs. Enable debug logging for this logger for a complete list of JARs that were scanned but no TLDs were found in them. Skipping unneeded JARs during scanning can improve startup time and JSP compilation time.
26-Dec-2022 17:25:42.152 INFO [main] org.apache.catalina.startup.HostConfig.deployWAR Deployment of web application archive [/mnt/servers/apache-tomcat-9.0.70/webapps/LoginWebApp.war] has finished in [1,314] ms
26-Dec-2022 17:25:42.156 INFO [main] org.apache.catalina.startup.HostConfig.deployDirectory Deploying web application directory [/mnt/servers/apache-tomcat-9.0.70/webapps/ROOT]
26-Dec-2022 17:25:42.202 INFO [main] org.apache.catalina.startup.HostConfig.deployDirectory Deployment of web application directory [/mnt/servers/apache-tomcat-9.0.70/webapps/ROOT] has finished in [46] ms
26-Dec-2022 17:25:42.203 INFO [main] org.apache.catalina.startup.HostConfig.deployDirectory Deploying web application directory [/mnt/servers/apache-tomcat-9.0.70/webapps/docs]
26-Dec-2022 17:25:42.242 INFO [main] org.apache.catalina.startup.HostConfig.deployDirectory Deployment of web application directory [/mnt/servers/apache-tomcat-9.0.70/webapps/docs] has finished in [39] ms
26-Dec-2022 17:25:42.245 INFO [main] org.apache.catalina.startup.HostConfig.deployDirectory Deploying web application directory [/mnt/servers/apache-tomcat-9.0.70/webapps/examples]
26-Dec-2022 17:25:42.788 INFO [main] org.apache.catalina.startup.HostConfig.deployDirectory Deployment of web application directory [/mnt/servers/apache-tomcat-9.0.70/webapps/examples] has finished in [543] ms
26-Dec-2022 17:25:42.790 INFO [main] org.apache.catalina.startup.HostConfig.deployDirectory Deploying web application directory [/mnt/servers/apache-tomcat-9.0.70/webapps/host-manager]
26-Dec-2022 17:25:42.845 INFO [main] org.apache.catalina.startup.HostConfig.deployDirectory Deployment of web application directory [/mnt/servers/apache-tomcat-9.0.70/webapps/host-manager] has finished in [54] ms
26-Dec-2022 17:25:42.847 INFO [main] org.apache.catalina.startup.HostConfig.deployDirectory Deploying web application directory [/mnt/servers/apache-tomcat-9.0.70/webapps/manager]
26-Dec-2022 17:25:42.896 INFO [main] org.apache.catalina.startup.HostConfig.deployDirectory Deployment of web application directory [/mnt/servers/apache-tomcat-9.0.70/webapps/manager] has finished in [49] ms
26-Dec-2022 17:25:42.918 INFO [main] org.apache.coyote.AbstractProtocol.start Starting ProtocolHandler ["http-nio-8080"]
26-Dec-2022 17:25:42.971 INFO [main] org.apache.catalina.startup.Catalina.start Server startup in [2248] milliseconds
26-Dec-2022 17:30:23.367 INFO [main] org.apache.catalina.core.StandardServer.await A valid shutdown command was received via the shutdown port. Stopping the Server instance.
26-Dec-2022 17:30:23.368 INFO [main] org.apache.coyote.AbstractProtocol.pause Pausing ProtocolHandler ["http-nio-8080"]
26-Dec-2022 17:30:23.371 INFO [main] org.apache.catalina.core.StandardService.stopInternal Stopping service [Catalina]
26-Dec-2022 17:30:23.420 WARNING [main] org.apache.catalina.loader.WebappClassLoaderBase.clearReferencesJdbc The web application [LoginWebApp] registered the JDBC driver [com.mysql.cj.jdbc.Driver] but failed to unregister it when the web application was stopped. To prevent a memory leak, the JDBC Driver has been forcibly unregistered.
26-Dec-2022 17:30:23.421 WARNING [main] org.apache.catalina.loader.WebappClassLoaderBase.clearReferencesThreads The web application [LoginWebApp] appears to have started a thread named [mysql-cj-abandoned-connection-cleanup] but has failed to stop it. This is very likely to create a memory leak. Stack trace of thread:
 java.lang.Object.wait(Native Method)
 java.lang.ref.ReferenceQueue.remove(ReferenceQueue.java:144)
 com.mysql.cj.jdbc.AbandonedConnectionCleanupThread.run(AbandonedConnectionCleanupThread.java:85)
 java.util.concurrent.ThreadPoolExecutor.runWorker(ThreadPoolExecutor.java:1149)
 java.util.concurrent.ThreadPoolExecutor$Worker.run(ThreadPoolExecutor.java:624)
 java.lang.Thread.run(Thread.java:750)
26-Dec-2022 17:30:23.433 INFO [main] org.apache.coyote.AbstractProtocol.stop Stopping ProtocolHandler ["http-nio-8080"]
26-Dec-2022 17:30:23.442 INFO [main] org.apache.coyote.AbstractProtocol.destroy Destroying ProtocolHandler ["http-nio-8080"]
