26-Dec-2022 16:35:28.254 INFO [main] org.apache.catalina.core.ApplicationContext.log ContextListener: contextInitialized()
26-Dec-2022 16:35:28.255 INFO [main] org.apache.catalina.core.ApplicationContext.log SessionListener: contextInitialized()
26-Dec-2022 16:35:28.257 INFO [main] org.apache.catalina.core.ApplicationContext.log ContextListener: attributeAdded('StockTicker', 'async.Stockticker@669253b7')
26-Dec-2022 16:39:10.564 INFO [main] org.apache.catalina.core.ApplicationContext.log SessionListener: contextDestroyed()
26-Dec-2022 16:39:10.565 INFO [main] org.apache.catalina.core.ApplicationContext.log ContextListener: contextDestroyed()
26-Dec-2022 16:57:16.075 INFO [main] org.apache.catalina.core.ApplicationContext.log ContextListener: contextInitialized()
26-Dec-2022 16:57:16.076 INFO [main] org.apache.catalina.core.ApplicationContext.log SessionListener: contextInitialized()
26-Dec-2022 16:57:16.078 INFO [main] org.apache.catalina.core.ApplicationContext.log ContextListener: attributeAdded('StockTicker', 'async.Stockticker@1e886a5b')
26-Dec-2022 16:59:21.950 SEVERE [http-nio-8080-exec-7] org.apache.catalina.core.StandardWrapperValve.invoke Servlet.service() for servlet [jsp] in context with path [/LoginWebApp] threw exception [An exception occurred processing [/userRegistration.jsp] at line [9]

6:     String lastName = request.getParameter("lastName");
7:     String email = request.getParameter("email");
8:     Class.forName("com.mysql.cj.jdbc.Driver");
9:     Connection con = DriverManager.getConnection("jdbc:mysql://localhost:3306/test",
10:             "root", "root");
11:     Statement st = con.createStatement();
12:     int i = st.executeUpdate("insert into USER(first_name, last_name, email, username, password, regdate) values ('" + firstName + "','" 


Stacktrace:] with root cause
	java.net.ConnectException: Connection refused (Connection refused)
		at java.net.PlainSocketImpl.socketConnect(Native Method)
		at java.net.AbstractPlainSocketImpl.doConnect(AbstractPlainSocketImpl.java:350)
		at java.net.AbstractPlainSocketImpl.connectToAddress(AbstractPlainSocketImpl.java:206)
		at java.net.AbstractPlainSocketImpl.connect(AbstractPlainSocketImpl.java:188)
		at java.net.SocksSocketImpl.connect(SocksSocketImpl.java:392)
		at java.net.Socket.connect(Socket.java:607)
		at com.mysql.cj.protocol.StandardSocketFactory.connect(StandardSocketFactory.java:155)
		at com.mysql.cj.protocol.a.NativeSocketConnection.connect(NativeSocketConnection.java:65)
		at com.mysql.cj.NativeSession.connect(NativeSession.java:144)
		at com.mysql.cj.jdbc.ConnectionImpl.connectOneTryOnly(ConnectionImpl.java:956)
		at com.mysql.cj.jdbc.ConnectionImpl.createNewIO(ConnectionImpl.java:826)
		at com.mysql.cj.jdbc.ConnectionImpl.<init>(ConnectionImpl.java:456)
		at com.mysql.cj.jdbc.ConnectionImpl.getInstance(ConnectionImpl.java:246)
		at com.mysql.cj.jdbc.NonRegisteringDriver.connect(NonRegisteringDriver.java:197)
		at java.sql.DriverManager.getConnection(DriverManager.java:664)
		at java.sql.DriverManager.getConnection(DriverManager.java:247)
		at org.apache.jsp.userRegistration_jsp._jspService(userRegistration_jsp.java:126)
		at org.apache.jasper.runtime.HttpJspBase.service(HttpJspBase.java:70)
		at javax.servlet.http.HttpServlet.service(HttpServlet.java:779)
		at org.apache.jasper.servlet.JspServletWrapper.service(JspServletWrapper.java:466)
		at org.apache.jasper.servlet.JspServlet.serviceJspFile(JspServlet.java:379)
		at org.apache.jasper.servlet.JspServlet.service(JspServlet.java:327)
		at javax.servlet.http.HttpServlet.service(HttpServlet.java:779)
		at org.apache.catalina.core.ApplicationFilterChain.internalDoFilter(ApplicationFilterChain.java:227)
		at org.apache.catalina.core.ApplicationFilterChain.doFilter(ApplicationFilterChain.java:162)
		at org.apache.tomcat.websocket.server.WsFilter.doFilter(WsFilter.java:53)
		at org.apache.catalina.core.ApplicationFilterChain.internalDoFilter(ApplicationFilterChain.java:189)
		at org.apache.catalina.core.ApplicationFilterChain.doFilter(ApplicationFilterChain.java:162)
		at org.apache.catalina.core.StandardWrapperValve.invoke(StandardWrapperValve.java:177)
		at org.apache.catalina.core.StandardContextValve.invoke(StandardContextValve.java:97)
		at org.apache.catalina.authenticator.AuthenticatorBase.invoke(AuthenticatorBase.java:541)
		at org.apache.catalina.core.StandardHostValve.invoke(StandardHostValve.java:135)
		at org.apache.catalina.valves.ErrorReportValve.invoke(ErrorReportValve.java:92)
		at org.apache.catalina.valves.AbstractAccessLogValve.invoke(AbstractAccessLogValve.java:687)
		at org.apache.catalina.core.StandardEngineValve.invoke(StandardEngineValve.java:78)
		at org.apache.catalina.connector.CoyoteAdapter.service(CoyoteAdapter.java:360)
		at org.apache.coyote.http11.Http11Processor.service(Http11Processor.java:399)
		at org.apache.coyote.AbstractProcessorLight.process(AbstractProcessorLight.java:65)
		at org.apache.coyote.AbstractProtocol$ConnectionHandler.process(AbstractProtocol.java:891)
		at org.apache.tomcat.util.net.NioEndpoint$SocketProcessor.doRun(NioEndpoint.java:1784)
		at org.apache.tomcat.util.net.SocketProcessorBase.run(SocketProcessorBase.java:49)
		at org.apache.tomcat.util.threads.ThreadPoolExecutor.runWorker(ThreadPoolExecutor.java:1191)
		at org.apache.tomcat.util.threads.ThreadPoolExecutor$Worker.run(ThreadPoolExecutor.java:659)
		at org.apache.tomcat.util.threads.TaskThread$WrappingRunnable.run(TaskThread.java:61)
		at java.lang.Thread.run(Thread.java:750)
26-Dec-2022 17:00:30.487 INFO [main] org.apache.catalina.core.ApplicationContext.log SessionListener: contextDestroyed()
26-Dec-2022 17:00:30.488 INFO [main] org.apache.catalina.core.ApplicationContext.log ContextListener: contextDestroyed()
26-Dec-2022 17:12:03.270 INFO [main] org.apache.catalina.core.ApplicationContext.log ContextListener: contextInitialized()
26-Dec-2022 17:12:03.271 INFO [main] org.apache.catalina.core.ApplicationContext.log SessionListener: contextInitialized()
26-Dec-2022 17:12:03.272 INFO [main] org.apache.catalina.core.ApplicationContext.log ContextListener: attributeAdded('StockTicker', 'async.Stockticker@5528a42c')
26-Dec-2022 17:22:24.850 INFO [main] org.apache.catalina.core.ApplicationContext.log SessionListener: contextDestroyed()
26-Dec-2022 17:22:24.852 INFO [main] org.apache.catalina.core.ApplicationContext.log ContextListener: contextDestroyed()
26-Dec-2022 17:25:42.771 INFO [main] org.apache.catalina.core.ApplicationContext.log ContextListener: contextInitialized()
26-Dec-2022 17:25:42.772 INFO [main] org.apache.catalina.core.ApplicationContext.log SessionListener: contextInitialized()
26-Dec-2022 17:25:42.775 INFO [main] org.apache.catalina.core.ApplicationContext.log ContextListener: attributeAdded('StockTicker', 'async.Stockticker@5528a42c')
26-Dec-2022 17:30:23.399 INFO [main] org.apache.catalina.core.ApplicationContext.log SessionListener: contextDestroyed()
26-Dec-2022 17:30:23.400 INFO [main] org.apache.catalina.core.ApplicationContext.log ContextListener: contextDestroyed()
